<?xml version="1.0" encoding="UTF-8"?>
<!-- Generated by org.testng.reporters.JUnitXMLReporter -->
<testsuite ignored="0" hostname="USER-PC" failures="0" tests="1" name="Test" time="0.096" errors="0" timestamp="2021-05-31T11:52:52 IST">
  <testcase classname="com.demoblazestore.testcases.BaseClass" name="@BeforeClass setup" time="-1.622442172731E9">
    <failure type="org.testng.TestNGException" message="
Parameter &amp;apos;browser&amp;apos; is required by BeforeClass on method setup but has not been marked @Optional or defined
in C:\Users\USER\eclipse-workspace\DemoBlazeStore\testng.xml">
      <![CDATA[org.testng.TestNGException: 
Parameter 'browser' is required by BeforeClass on method setup but has not been marked @Optional or defined
in C:\Users\USER\eclipse-workspace\DemoBlazeStore\testng.xml
at java.base/java.util.ArrayList.forEach(ArrayList.java:1541)
... Removed 22 stack frames]]>
    </failure>
  </testcase> <!-- @BeforeClass setup -->
  <testcase classname="com.demoblazestore.testcases.BaseClass" name="@AfterClass tearDown" time="-1.622442172794E9">
    <skipped/>
  </testcase> <!-- @AfterClass tearDown -->
  <testcase classname="com.demoblazestore.testcases.TC_SystemTest_001" name="validSystemTest" time="0.0">
    <skipped/>
  </testcase> <!-- validSystemTest -->
</testsuite> <!-- Test -->
